0 info it worked if it ends with ok
1 verbose cli [ '/home/ubuntu/.nvm/v0.10.33/bin/node',
1 verbose cli   '/home/ubuntu/.nvm/v0.10.33/bin/npm',
1 verbose cli   'install',
1 verbose cli   'mongoosejs',
1 verbose cli   '--save' ]
2 info using npm@1.4.28
3 info using node@v0.10.33
4 warn package.json PlaytomicAPIServer@0.0.1 No repository field.
5 warn package.json mongodb@1.0.2 No README data
6 warn package.json bisection@0.0.2 'repositories' (plural) Not supported. Please pick one as the 'repository' field
7 warn package.json bisection@0.0.2 No README data
8 warn package.json crypto@0.0.3 crypto is also the name of a node core module.
9 warn package.json hashring@0.0.5 'repositories' (plural) Not supported. Please pick one as the 'repository' field
10 verbose readDependencies using package.json deps
11 verbose cache add [ 'mongoosejs', null ]
12 verbose cache add name=undefined spec="mongoosejs" args=["mongoosejs",null]
13 verbose parsed url { protocol: null,
13 verbose parsed url   slashes: null,
13 verbose parsed url   auth: null,
13 verbose parsed url   host: null,
13 verbose parsed url   port: null,
13 verbose parsed url   hostname: null,
13 verbose parsed url   hash: null,
13 verbose parsed url   search: null,
13 verbose parsed url   query: null,
13 verbose parsed url   pathname: 'mongoosejs',
13 verbose parsed url   path: 'mongoosejs',
13 verbose parsed url   href: 'mongoosejs' }
14 silly lockFile 5c89181a-mongoosejs mongoosejs
15 verbose lock mongoosejs /home/ubuntu/.npm/5c89181a-mongoosejs.lock
16 silly lockFile 5c89181a-mongoosejs mongoosejs
17 silly lockFile 5c89181a-mongoosejs mongoosejs
18 verbose addNamed [ 'mongoosejs', '' ]
19 verbose addNamed [ null, '*' ]
20 silly lockFile e60e313c-mongoosejs mongoosejs@
21 verbose lock mongoosejs@ /home/ubuntu/.npm/e60e313c-mongoosejs.lock
22 silly addNameRange { name: 'mongoosejs', range: '*', hasData: false }
23 verbose request where is /mongoosejs
24 verbose request registry https://registry.npmjs.org/
25 verbose request id f16dfc1f327bc9a5
26 verbose url raw /mongoosejs
27 verbose url resolving [ 'https://registry.npmjs.org/', './mongoosejs' ]
28 verbose url resolved https://registry.npmjs.org/mongoosejs
29 verbose request where is https://registry.npmjs.org/mongoosejs
30 info trying registry request attempt 1 at 03:32:07
31 http GET https://registry.npmjs.org/mongoosejs
32 http 404 https://registry.npmjs.org/mongoosejs
33 verbose headers { date: 'Fri, 05 Dec 2014 03:32:07 GMT',
33 verbose headers   server: 'CouchDB/1.5.0 (Erlang OTP/R16B03)',
33 verbose headers   'content-type': 'application/json',
33 verbose headers   'cache-control': 'max-age=0',
33 verbose headers   'content-length': '52',
33 verbose headers   'accept-ranges': 'bytes',
33 verbose headers   via: '1.1 varnish',
33 verbose headers   age: '0',
33 verbose headers   'x-served-by': 'cache-dfw1829-DFW',
33 verbose headers   'x-cache': 'MISS',
33 verbose headers   'x-cache-hits': '0',
33 verbose headers   'x-timer': 'S1417750327.691558,VS0,VE62',
33 verbose headers   'keep-alive': 'timeout=10, max=50',
33 verbose headers   connection: 'Keep-Alive' }
34 silly registry.get cb [ 404,
34 silly registry.get   { date: 'Fri, 05 Dec 2014 03:32:07 GMT',
34 silly registry.get     server: 'CouchDB/1.5.0 (Erlang OTP/R16B03)',
34 silly registry.get     'content-type': 'application/json',
34 silly registry.get     'cache-control': 'max-age=0',
34 silly registry.get     'content-length': '52',
34 silly registry.get     'accept-ranges': 'bytes',
34 silly registry.get     via: '1.1 varnish',
34 silly registry.get     age: '0',
34 silly registry.get     'x-served-by': 'cache-dfw1829-DFW',
34 silly registry.get     'x-cache': 'MISS',
34 silly registry.get     'x-cache-hits': '0',
34 silly registry.get     'x-timer': 'S1417750327.691558,VS0,VE62',
34 silly registry.get     'keep-alive': 'timeout=10, max=50',
34 silly registry.get     connection: 'Keep-Alive' } ]
35 silly lockFile e60e313c-mongoosejs mongoosejs@
36 silly lockFile e60e313c-mongoosejs mongoosejs@
37 error 404 404 Not Found: mongoosejs
37 error 404
37 error 404 'mongoosejs' is not in the npm registry.
37 error 404 You should bug the author to publish it
37 error 404 It was specified as a dependency of 'PlaytomicAPIServer'
37 error 404
37 error 404 Note that you can also install from a
37 error 404 tarball, folder, or http url, or git url.
38 error System Linux 3.14.13-c9
39 error command "/home/ubuntu/.nvm/v0.10.33/bin/node" "/home/ubuntu/.nvm/v0.10.33/bin/npm" "install" "mongoosejs" "--save"
40 error cwd /home/ubuntu/workspace
41 error node -v v0.10.33
42 error npm -v 1.4.28
43 error code E404
44 verbose exit [ 1, true ]
